<?xml version="1.0" encoding="UTF-8"?>
<testsuite xmlns:xsi="http://www.w3.org/2001/XMLSchema-instance" xsi:noNamespaceSchemaLocation="https://maven.apache.org/surefire/maven-surefire-plugin/xsd/surefire-test-report.xsd" version="3.0.2" name="ma.formations.rest1.Rest1ApplicationTests" time="3.12" tests="1" errors="0" skipped="0" failures="0">
  <properties>
[...]
</properties>
  <testcase name="contextLoads" classname="ma.formations.rest1.Rest1ApplicationTests" time="0.742">
    <system-out><![CDATA[23:39:05.551 [main] INFO org.springframework.test.context.support.AnnotationConfigContextLoaderUtils -- Could not detect default configuration classes for test class [ma.formations.rest1.Rest1ApplicationTests]: Rest1ApplicationTests does not declare any static, non-private, non-final, nested classes annotated with @Configuration.
23:39:05.678 [main] INFO org.springframework.boot.test.context.SpringBootTestContextBootstrapper -- Found @SpringBootConfiguration ma.formations.rest1.Rest1Application for test class ma.formations.rest1.Rest1ApplicationTests

  .   ____          _            __ _ _
 /\\ / ___'_ __ _ _(_)_ __  __ _ \ \ \ \
( ( )\___ | '_ | '_| | '_ \/ _` | \ \ \ \
 \\/  ___)| |_)| | | | | || (_| |  ) ) ) )
  '  |____| .__|_| |_|_| |_\__, | / / / /
 =========|_|==============|___/=/_/_/_/

 :: Spring Boot ::                (v3.5.7)

2025-10-28T23:39:06.324+01:00  INFO 78316 --- [rest1] [           main] m.f.rest1.Rest1ApplicationTests          : Starting Rest1ApplicationTests using Java 22.0.2 with PID 78316 (started by Abderrahmane in D:\workspace\rest1)
2025-10-28T23:39:06.326+01:00  INFO 78316 --- [rest1] [           main] m.f.rest1.Rest1ApplicationTests          : No active profile set, falling back to 1 default profile: "default"
2025-10-28T23:39:07.734+01:00  INFO 78316 --- [rest1] [           main] m.f.rest1.Rest1ApplicationTests          : Started Rest1ApplicationTests in 1.866 seconds (process running for 3.078)
]]></system-out>
    <system-err><![CDATA[Mockito is currently self-attaching to enable the inline-mock-maker. This will no longer work in future releases of the JDK. Please add Mockito as an agent to your build as described in Mockito's documentation: https://javadoc.io/doc/org.mockito/mockito-core/latest/org.mockito/org/mockito/Mockito.html#0.3
WARNING: A Java agent has been loaded dynamically (C:\Users\Abderrahmane\.m2\repository\net\bytebuddy\byte-buddy-agent\1.17.8\byte-buddy-agent-1.17.8.jar)
WARNING: If a serviceability tool is in use, please run with -XX:+EnableDynamicAgentLoading to hide this warning
WARNING: If a serviceability tool is not in use, please run with -Djdk.instrument.traceUsage for more information
WARNING: Dynamic loading of agents will be disallowed by default in a future release
]]></system-err>
  </testcase>
</testsuite>